ISim log file
Running: /home/ise/X/JK_FF/JK_FF_isim_beh.exe -intstyle ise -gui -tclbatch isim.cmd -wdb /home/ise/X/JK_FF/JK_FF_isim_beh.wdb 
ISim P.20160913 (signature 0xfbc00daa)
----------------------------------------------------------------------
WARNING:Security:42 - Your software subscription period has lapsed. Your current version of Xilinx tools will continue to function, but you no longer qualify for Xilinx software updates or new releases.


----------------------------------------------------------------------
This is a Full version of ISim.
Time resolution is 1 ps
# onerror resume
# wave add /
# run 1000 ns
Simulator is doing circuit initialization process.
Finished circuit initialization process.
INFO: There is another simulation running in the same directory. Using database file name isim1.wdb.
ISim P.20160913 (signature 0xfbc00daa)
----------------------------------------------------------------------
WARNING:Security:42 - Your software subscription period has lapsed. Your current version of Xilinx tools will continue to function, but you no longer qualify for Xilinx software updates or new releases.


----------------------------------------------------------------------
This is a Full version of ISim.
Time resolution is 1 ps
# onerror resume
# wave add /
# run 1000 ns
Simulator is doing circuit initialization process.
Finished circuit initialization process.
# exit 0
# isim force add /jk_ff/clk 1 -radix bin -value 0 -radix bin -time 37500 ps -repeat 75 ns -cancel 500 ns
# isim force add /jk_ff/k 1 -radix bin -value 0 -radix bin -time 42500 ps -repeat 85 ns -cancel 500 ns
# isim force add /jk_ff/j 1 -radix bin -value 0 -radix bin -time 85 ns -repeat 170 ns -cancel 500 ns
# run all
# put j 0
# put k 0
# put clk 1
# run
# put j 0
# put k 1
# put clk 1
# run
# put j 1
# put k 0
# put clk 1
# run
# put j 1
# put k 1
# put clk 1
# run
