ISim log file
Running: /home/ise/X/or1/or1_isim_beh.exe -intstyle ise -gui -tclbatch isim.cmd -wdb /home/ise/X/or1/or1_isim_beh.wdb 
ISim P.20160913 (signature 0xfbc00daa)
----------------------------------------------------------------------
WARNING:Security:42 - Your software subscription period has lapsed. Your current version of Xilinx tools will continue to function, but you no longer qualify for Xilinx software updates or new releases.


----------------------------------------------------------------------
This is a Full version of ISim.
Time resolution is 1 ps
# onerror resume
# wave add /
# run 1000 ns
Simulator is doing circuit initialization process.
Finished circuit initialization process.
# isim force add /or1/a 1 -radix bin -value 1 -radix bin -time 25 ns -repeat 50 ns -cancel 500 ns
# isim force add /or1/b 1 -radix bin -value 1 -radix bin -time 37500 ps -repeat 75 ns -cancel 500 ns
# run all
# isim force add /or1/a 1 -radix bin -value 1 -radix bin -time 25 ns -repeat 50 ns -cancel 500 ns
# isim force add /or1/a 1 -radix bin -value 1 -radix bin -time 25 ns -repeat 50 ns -cancel 500 ns
# isim force add /or1/b 1 -radix bin -value 1 -radix bin -time 37500 ps -repeat 75 ns -cancel 500 ns
# isim force add /or1/b 1 -radix bin -value 1 -radix bin -time 37500 ps -repeat 75 ns -cancel 500 ns
# run all
# isim force add /or1/a 1 -radix bin -value 1 -radix bin -time 5 ns -repeat 10 ns -cancel 500 ns
# isim force add /or1/a 1 -radix bin -value 1 -radix bin -time 5 ns -repeat 10 ns -cancel 500 ns
# isim force add /or1/b 1 -radix bin -value 1 -radix bin -time 2500 ps -repeat 5 ns -cancel 500 ns
# isim force add /or1/b 1 -radix bin -value 1 -radix bin -time 2500 ps -repeat 5 ns -cancel 500 ns
# run all
# isim force add /or1/a 1 -radix bin -value 0 -radix bin -time 25 ns -repeat 50 ns -cancel 500 ns
# isim force add /or1/a 1 -radix bin -value 0 -radix bin -time 25 ns -repeat 50 ns -cancel 500 ns
# isim force add /or1/b 1 -radix bin -value 0 -radix bin -time 37500 ps -repeat 75 ns -cancel 500 ns
# isim force add /or1/b 1 -radix bin -value 0 -radix bin -time 37500 ps -repeat 75 ns -cancel 500 ns
# run all
