ISim log file
Running: /home/ise/csa-4th/MUX/MUX_isim_beh.exe -intstyle ise -gui -tclbatch isim.cmd -wdb /home/ise/csa-4th/MUX/MUX_isim_beh.wdb 
ISim P.20160913 (signature 0xfbc00daa)
----------------------------------------------------------------------
WARNING:Security:42 - Your software subscription period has lapsed. Your current version of Xilinx tools will continue to function, but you no longer qualify for Xilinx software updates or new releases.


----------------------------------------------------------------------
This is a Full version of ISim.
Time resolution is 1 ps
# onerror resume
# wave add /
# run 1000 ns
Simulator is doing circuit initialization process.
Finished circuit initialization process.
# put a 1
# put sel 00
# run
# run
# put b 0
# put c 1
# put d 0
# run
# put sel 01
# run
# put sel 10
# run
ISim P.20160913 (signature 0xfbc00daa)
----------------------------------------------------------------------
WARNING:Security:42 - Your software subscription period has lapsed. Your current version of Xilinx tools will continue to function, but you no longer qualify for Xilinx software updates or new releases.


----------------------------------------------------------------------
This is a Full version of ISim.
# run 1000 ns
Simulator is doing circuit initialization process.
Finished circuit initialization process.
# put a 1
# put b 1
# put c 1
# put d 1
# put sel 00
# run
# put sel 01
# run
ISim P.20160913 (signature 0xfbc00daa)
----------------------------------------------------------------------
WARNING:Security:42 - Your software subscription period has lapsed. Your current version of Xilinx tools will continue to function, but you no longer qualify for Xilinx software updates or new releases.


----------------------------------------------------------------------
This is a Full version of ISim.
# run 1000 ns
Simulator is doing circuit initialization process.
Finished circuit initialization process.
# put a 0
# put b 1
# put c 0
# put d 1
# put sel 00
# run
# put sel 01
# run
# put sel 10
# run
# put sel 11
# run
