ISim log file
Running: /home/ise/X/DECODER_3_8_PROCESS/DECODER_3_8_PROCESS_isim_beh.exe -intstyle ise -gui -tclbatch isim.cmd -wdb /home/ise/X/DECODER_3_8_PROCESS/DECODER_3_8_PROCESS_isim_beh.wdb 
ISim P.20160913 (signature 0xfbc00daa)
----------------------------------------------------------------------
WARNING:Security:42 - Your software subscription period has lapsed. Your current version of Xilinx tools will continue to function, but you no longer qualify for Xilinx software updates or new releases.


----------------------------------------------------------------------
This is a Full version of ISim.
Time resolution is 1 ps
# onerror resume
# wave add /
# run 1000 ns
Simulator is doing circuit initialization process.
Finished circuit initialization process.
# put a 000
# run
# put a 001
# run
# put a 010
# run
# put a 011
# run
# put a 100
# run
# put a 101
# run
# put a 110
# run
# put a 111
# run
