ISim log file
Running: /home/ise/X/D_FF/D_FF_isim_beh.exe -intstyle ise -gui -tclbatch isim.cmd -wdb /home/ise/X/D_FF/D_FF_isim_beh.wdb 
ISim P.20160913 (signature 0xfbc00daa)
----------------------------------------------------------------------
WARNING:Security:42 - Your software subscription period has lapsed. Your current version of Xilinx tools will continue to function, but you no longer qualify for Xilinx software updates or new releases.


----------------------------------------------------------------------
This is a Full version of ISim.
Time resolution is 1 ps
# onerror resume
# wave add /
# run 1000 ns
Simulator is doing circuit initialization process.
Finished circuit initialization process.
# put clk 1
# put d 1
# run
# put clk 1
# put d 0
# run
# run all
# run all
# run all
# run all
# run all
# put clk 1
# put d 0
# run
# put clk 0
# put d 0
# run
# put clk 1
# put d 1
# run
# put clk 1
# put rst 1
# run
