Running: /opt/Xilinx/14.7/ISE_DS/ISE/bin/lin64/unwrapped/fuse -intstyle ise -incremental -lib secureip -o /home/ise/X/DECODER/DECODER_isim_beh.exe -prj /home/ise/X/DECODER/DECODER_beh.prj work.DECODER 
ISim P.20160913 (signature 0xfbc00daa)
Number of CPUs detected in this system: 1
Turning on mult-threading, number of parallel sub-compilation jobs: 0 
Determining compilation order of HDL files
Parsing VHDL file "/home/ise/X/DECODER/DECODER.vhd" into library work
Starting static elaboration
Completed static elaboration
Fuse Memory Usage: 96400 KB
Fuse CPU Usage: 1400 ms
Compiling package standard
Compiling package std_logic_1164
Compiling package std_logic_arith
Compiling architecture behavioral of entity decoder
Time Resolution for simulation is 1ps.
Compiled 4 VHDL Units
Built simulation executable /home/ise/X/DECODER/DECODER_isim_beh.exe
Fuse Memory Usage: 110036 KB
Fuse CPU Usage: 1520 ms
GCC CPU Usage: 2340 ms
