ISim log file
Running: /home/ise/X/DECODER/DECODER_isim_beh.exe -intstyle ise -gui -tclbatch isim.cmd -wdb /home/ise/X/DECODER/DECODER_isim_beh.wdb 
ISim P.20160913 (signature 0xfbc00daa)
----------------------------------------------------------------------
WARNING:Security:42 - Your software subscription period has lapsed. Your current version of Xilinx tools will continue to function, but you no longer qualify for Xilinx software updates or new releases.


----------------------------------------------------------------------
This is a Full version of ISim.
Time resolution is 1 ps
# onerror resume
# wave add /
# run 1000 ns
Simulator is doing circuit initialization process.
Finished circuit initialization process.
# put a(0) 0
# put a(1) 0
# run
# put a(1) 1
# put a(0) 0
# run
# put a(1) 0
# put a(0) 1
# run
# put a(0) 1
# put a(1) 1
# run
# put a 00
# run
# exit 0
